<?xml version="1.0" encoding="UTF-8"?>
<!-- Generated by org.testng.reporters.JUnitReportReporter -->
<testsuite hostname="JAISU1158856L" failures="0" tests="4" name="com.w2a.testcases.AddCustomerTest" time="3.047" errors="0" timestamp="2021-05-27T13:09:18 IST" skipped="1">
  <testcase classname="com.w2a.testcases.AddCustomerTest" name="addCustomerTest" time="0.546"/>
  <system-out/>
  <testcase classname="com.w2a.testcases.AddCustomerTest" name="addCustomerTest" time="1.828"/>
  <system-out/>
  <testcase classname="com.w2a.testcases.AddCustomerTest" name="addCustomerTest" time="0.641"/>
  <system-out/>
  <testcase classname="com.w2a.testcases.AddCustomerTest" name="addCustomerTest" time="0.032">
    <skipped/>
  </testcase> <!-- addCustomerTest -->
  <system-out/>
</testsuite> <!-- com.w2a.testcases.AddCustomerTest -->
