<?xml version="1.0" encoding="UTF-8"?>
<!-- Generated by org.testng.reporters.JUnitReportReporter -->
<testsuite hostname="JAISU1158856L" failures="0" tests="4" name="com.w2a.testcases.AddCustomerTest" time="2.571" errors="0" timestamp="2021-05-25T12:53:51 IST" skipped="1">
  <testcase classname="com.w2a.testcases.AddCustomerTest" name="addCustomerTest" time="0.001">
    <skipped/>
  </testcase> <!-- addCustomerTest -->
  <system-out/>
  <testcase classname="com.w2a.testcases.AddCustomerTest" name="addCustomerTest" time="0.785"/>
  <system-out/>
  <testcase classname="com.w2a.testcases.AddCustomerTest" name="addCustomerTest" time="0.340"/>
  <system-out/>
  <testcase classname="com.w2a.testcases.AddCustomerTest" name="addCustomerTest" time="1.445"/>
  <system-out/>
</testsuite> <!-- com.w2a.testcases.AddCustomerTest -->
