<?xml version="1.0" encoding="UTF-8"?>
<!-- Generated by org.testng.reporters.JUnitReportReporter -->
<testsuite hostname="JAISU1158856L" failures="0" tests="1" name="com.w2a.testcases.LoginTest" time="0.431" errors="0" timestamp="2021-05-24T12:52:44 IST" skipped="0">
  <testcase classname="com.w2a.testcases.LoginTest" name="loginAsbankManager" time="0.431"/>
  <system-out/>
</testsuite> <!-- com.w2a.testcases.LoginTest -->
