<?xml version="1.0" encoding="UTF-8"?>
<!-- Generated by org.testng.reporters.JUnitReportReporter -->
<testsuite hostname="JAISU1158856L" failures="0" tests="1" name="com.w2a.testcases.OpenAccountTest" time="0.001" errors="0" timestamp="2021-05-27T13:09:18 IST" skipped="1">
  <testcase classname="com.w2a.testcases.OpenAccountTest" name="openAccountTest" time="0.001">
    <skipped/>
  </testcase> <!-- openAccountTest -->
  <system-out/>
</testsuite> <!-- com.w2a.testcases.OpenAccountTest -->
