<?xml version="1.0" encoding="UTF-8"?>
<!-- Generated by org.testng.reporters.JUnitReportReporter -->
<testsuite hostname="DESKTOP-4O7E1M5" failures="0" tests="1" name="com.w2a.testcases.BankManagerLoginTest" time="0.000" errors="0" timestamp="2021-05-26T16:58:16 IST" skipped="1">
  <testcase classname="com.w2a.testcases.BankManagerLoginTest" name="bankManagerLoginTest" time="0.000">
    <skipped/>
  </testcase> <!-- bankManagerLoginTest -->
  <system-out/>
</testsuite> <!-- com.w2a.testcases.BankManagerLoginTest -->
